==== 2010/06/01 08:08:33 ====
Something went wrong while we were reading a packet!
The method or operation is not implemented.
==== 2010/06/01 08:08:36 ====
Something went wrong while we were reading a packet!
The method or operation is not implemented.
==== 2010/06/01 08:11:18 ====
Something went wrong while we were reading a packet!
Specified argument was out of the range of valid values.
Parameter name: size
==== 2010/06/01 08:11:18 ====
Something went wrong while we were reading a packet!
Specified argument was out of the range of valid values.
Parameter name: size
==== 2010/06/01 08:11:18 ====
Something went wrong while we were reading a packet!
Specified argument was out of the range of valid values.
Parameter name: size
==== 2010/06/01 08:11:19 ====
Something went wrong while we were reading a packet!
Specified argument was out of the range of valid values.
Parameter name: size
==== 2010/06/01 08:11:19 ====
Something went wrong while we were reading a packet!
Specified argument was out of the range of valid values.
Parameter name: size
==== 2010/06/01 08:11:19 ====
Something went wrong while we were reading a packet!
Specified argument was out of the range of valid values.
Parameter name: size
==== 2010/06/01 08:11:19 ====
Something went wrong while we were reading a packet!
Specified argument was out of the range of valid values.
Parameter name: size
==== 2010/06/01 08:11:19 ====
Something went wrong while we were reading a packet!
Specified argument was out of the range of valid values.
Parameter name: size
==== 2010/06/01 08:11:19 ====
Something went wrong while we were reading a packet!
Specified argument was out of the range of valid values.
Parameter name: size
==== 2010/06/01 08:11:19 ====
Something went wrong while we were reading a packet!
Specified argument was out of the range of valid values.
Parameter name: size
==== 2010/06/01 08:11:19 ====
Something went wrong while we were reading a packet!
Specified argument was out of the range of valid values.
Parameter name: size
==== 2010/06/01 08:11:19 ====
Something went wrong while we were reading a packet!
Specified argument was out of the range of valid values.
Parameter name: size
==== 2010/06/01 08:11:19 ====
Something went wrong while we were reading a packet!
Specified argument was out of the range of valid values.
Parameter name: size
==== 2010/06/01 08:11:19 ====
Something went wrong while we were reading a packet!
Specified argument was out of the range of valid values.
Parameter name: size
==== 2010/06/01 08:11:19 ====
Something went wrong while we were reading a packet!
Specified argument was out of the range of valid values.
Parameter name: size
==== 2010/06/01 08:11:19 ====
Something went wrong while we were reading a packet!
Specified argument was out of the range of valid values.
Parameter name: size
==== 2010/06/01 08:11:19 ====
Something went wrong while we were reading a packet!
Specified argument was out of the range of valid values.
Parameter name: size
==== 2010/06/01 08:11:19 ====
Something went wrong while we were reading a packet!
Specified argument was out of the range of valid values.
Parameter name: size
==== 2010/06/01 08:11:19 ====
Something went wrong while we were reading a packet!
Specified argument was out of the range of valid values.
Parameter name: size
==== 2010/06/01 08:11:19 ====
Something went wrong while we were reading a packet!
Specified argument was out of the range of valid values.
Parameter name: size
==== 2010/06/01 08:11:19 ====
Something went wrong while we were reading a packet!
Specified argument was out of the range of valid values.
Parameter name: size
==== 2010/06/01 08:11:19 ====
Something went wrong while we were reading a packet!
Specified argument was out of the range of valid values.
Parameter name: size
==== 2010/06/01 08:11:19 ====
Something went wrong while we were reading a packet!
Specified argument was out of the range of valid values.
Parameter name: size
==== 2010/06/01 08:11:19 ====
Something went wrong while we were reading a packet!
Specified argument was out of the range of valid values.
Parameter name: size
==== 2010/06/01 08:11:19 ====
Something went wrong while we were reading a packet!
Specified argument was out of the range of valid values.
Parameter name: size
==== 2010/06/01 08:11:19 ====
Something went wrong while we were reading a packet!
Specified argument was out of the range of valid values.
Parameter name: size
==== 2010/06/01 08:11:19 ====
Something went wrong while we were reading a packet!
Specified argument was out of the range of valid values.
Parameter name: size
==== 2010/06/01 08:11:19 ====
Something went wrong while we were reading a packet!
Specified argument was out of the range of valid values.
Parameter name: size
==== 2010/06/01 08:11:19 ====
Something went wrong while we were reading a packet!
Specified argument was out of the range of valid values.
Parameter name: size
==== 2010/06/01 08:11:19 ====
Something went wrong while we were reading a packet!
Specified argument was out of the range of valid values.
Parameter name: size
==== 2010/06/01 08:11:19 ====
Something went wrong while we were reading a packet!
Specified argument was out of the range of valid values.
Parameter name: size
==== 2010/06/01 08:11:19 ====
Something went wrong while we were reading a packet!
Specified argument was out of the range of valid values.
Parameter name: size
==== 2010/06/01 08:11:19 ====
Something went wrong while we were reading a packet!
Specified argument was out of the range of valid values.
Parameter name: size
==== 2010/06/01 08:11:19 ====
Something went wrong while we were reading a packet!
Specified argument was out of the range of valid values.
Parameter name: size
==== 2010/06/01 08:11:19 ====
Something went wrong while we were reading a packet!
Specified argument was out of the range of valid values.
Parameter name: size
==== 2010/06/01 08:11:19 ====
Something went wrong while we were reading a packet!
Specified argument was out of the range of valid values.
Parameter name: size
==== 2010/06/01 08:11:19 ====
Something went wrong while we were reading a packet!
Specified argument was out of the range of valid values.
Parameter name: size
==== 2010/06/01 08:11:19 ====
Something went wrong while we were reading a packet!
Specified argument was out of the range of valid values.
Parameter name: size
==== 2010/06/01 08:11:19 ====
Something went wrong while we were reading a packet!
Specified argument was out of the range of valid values.
Parameter name: size
==== 2010/06/01 08:11:19 ====
Something went wrong while we were reading a packet!
Specified argument was out of the range of valid values.
Parameter name: size
==== 2010/06/01 08:11:19 ====
Something went wrong while we were reading a packet!
Specified argument was out of the range of valid values.
Parameter name: size
==== 2010/06/01 08:11:19 ====
Something went wrong while we were reading a packet!
Specified argument was out of the range of valid values.
Parameter name: size
==== 2010/06/01 08:11:19 ====
Something went wrong while we were reading a packet!
Specified argument was out of the range of valid values.
Parameter name: size
==== 2010/06/01 08:11:19 ====
Something went wrong while we were reading a packet!
Specified argument was out of the range of valid values.
Parameter name: size
==== 2010/06/01 08:11:19 ====
Something went wrong while we were reading a packet!
Specified argument was out of the range of valid values.
Parameter name: size
==== 2010/06/01 08:11:19 ====
Something went wrong while we were reading a packet!
Specified argument was out of the range of valid values.
Parameter name: size
==== 2010/06/01 08:11:19 ====
Something went wrong while we were reading a packet!
Specified argument was out of the range of valid values.
Parameter name: size
==== 2010/06/01 08:11:19 ====
Something went wrong while we were reading a packet!
Specified argument was out of the range of valid values.
Parameter name: size
==== 2010/06/01 08:11:20 ====
Something went wrong while we were reading a packet!
Specified argument was out of the range of valid values.
Parameter name: size
==== 2010/06/01 08:11:20 ====
Something went wrong while we were reading a packet!
Specified argument was out of the range of valid values.
Parameter name: size
==== 2010/06/01 08:11:20 ====
Something went wrong while we were reading a packet!
Specified argument was out of the range of valid values.
Parameter name: size
==== 2010/06/01 08:11:20 ====
Something went wrong while we were reading a packet!
Specified argument was out of the range of valid values.
Parameter name: size
==== 2010/06/01 08:11:20 ====
Something went wrong while we were reading a packet!
Specified argument was out of the range of valid values.
Parameter name: size
==== 2010/06/01 08:11:20 ====
Something went wrong while we were reading a packet!
Specified argument was out of the range of valid values.
Parameter name: size
==== 2010/06/01 08:11:20 ====
Something went wrong while we were reading a packet!
Specified argument was out of the range of valid values.
Parameter name: size
==== 2010/06/01 08:11:20 ====
Something went wrong while we were reading a packet!
Specified argument was out of the range of valid values.
Parameter name: size
==== 2010/06/01 08:11:20 ====
Something went wrong while we were reading a packet!
Specified argument was out of the range of valid values.
Parameter name: size
==== 2010/06/01 08:11:20 ====
Something went wrong while we were reading a packet!
Specified argument was out of the range of valid values.
Parameter name: size
==== 2010/06/01 08:11:20 ====
Something went wrong while we were reading a packet!
Specified argument was out of the range of valid values.
Parameter name: size
==== 2010/06/01 08:11:20 ====
Something went wrong while we were reading a packet!
Specified argument was out of the range of valid values.
Parameter name: size
==== 2010/06/01 08:11:20 ====
Something went wrong while we were reading a packet!
Specified argument was out of the range of valid values.
Parameter name: size
==== 2010/06/01 08:11:20 ====
Something went wrong while we were reading a packet!
Specified argument was out of the range of valid values.
Parameter name: size
==== 2010/06/01 08:11:20 ====
Something went wrong while we were reading a packet!
Specified argument was out of the range of valid values.
Parameter name: size
==== 2010/06/01 08:11:20 ====
Something went wrong while we were reading a packet!
Specified argument was out of the range of valid values.
Parameter name: size
==== 2010/06/01 08:11:20 ====
Something went wrong while we were reading a packet!
Specified argument was out of the range of valid values.
Parameter name: size
==== 2010/06/01 08:11:20 ====
Something went wrong while we were reading a packet!
Specified argument was out of the range of valid values.
Parameter name: size
==== 2010/06/01 08:11:20 ====
Something went wrong while we were reading a packet!
Specified argument was out of the range of valid values.
Parameter name: size
==== 2010/06/01 08:11:20 ====
Something went wrong while we were reading a packet!
Specified argument was out of the range of valid values.
Parameter name: size
==== 2010/06/01 08:11:20 ====
Something went wrong while we were reading a packet!
Specified argument was out of the range of valid values.
Parameter name: size
==== 2010/06/01 08:11:20 ====
Something went wrong while we were reading a packet!
Specified argument was out of the range of valid values.
Parameter name: size
==== 2010/06/01 08:11:20 ====
Something went wrong while we were reading a packet!
Specified argument was out of the range of valid values.
Parameter name: size
==== 2010/06/01 08:11:20 ====
Something went wrong while we were reading a packet!
Specified argument was out of the range of valid values.
Parameter name: size
==== 2010/06/01 08:11:20 ====
Something went wrong while we were reading a packet!
Specified argument was out of the range of valid values.
Parameter name: size
==== 2010/06/01 08:11:20 ====
Something went wrong while we were reading a packet!
Specified argument was out of the range of valid values.
Parameter name: size
==== 2010/06/01 08:11:20 ====
Something went wrong while we were reading a packet!
Specified argument was out of the range of valid values.
Parameter name: size
==== 2010/06/01 08:11:20 ====
Something went wrong while we were reading a packet!
Specified argument was out of the range of valid values.
Parameter name: size
==== 2010/06/01 08:11:20 ====
Something went wrong while we were reading a packet!
Specified argument was out of the range of valid values.
Parameter name: size
==== 2010/06/01 08:11:20 ====
Something went wrong while we were reading a packet!
Specified argument was out of the range of valid values.
Parameter name: size
==== 2010/06/01 08:11:20 ====
Something went wrong while we were reading a packet!
Specified argument was out of the range of valid values.
Parameter name: size
==== 2010/06/01 08:11:20 ====
Something went wrong while we were reading a packet!
Specified argument was out of the range of valid values.
Parameter name: size
==== 2010/06/01 08:11:20 ====
Something went wrong while we were reading a packet!
Specified argument was out of the range of valid values.
Parameter name: size
==== 2010/06/01 08:11:20 ====
Something went wrong while we were reading a packet!
Specified argument was out of the range of valid values.
Parameter name: size
==== 2010/06/01 08:11:21 ====
Something went wrong while we were reading a packet!
Specified argument was out of the range of valid values.
Parameter name: size
==== 2010/06/01 08:11:21 ====
Something went wrong while we were reading a packet!
Specified argument was out of the range of valid values.
Parameter name: size
==== 2010/06/01 08:11:21 ====
Something went wrong while we were reading a packet!
Specified argument was out of the range of valid values.
Parameter name: size
==== 2010/06/01 08:11:21 ====
Something went wrong while we were reading a packet!
Specified argument was out of the range of valid values.
Parameter name: size
==== 2010/06/01 08:11:21 ====
Something went wrong while we were reading a packet!
Specified argument was out of the range of valid values.
Parameter name: size
==== 2010/06/01 08:11:21 ====
Something went wrong while we were reading a packet!
Specified argument was out of the range of valid values.
Parameter name: size
==== 2010/06/01 08:11:21 ====
Something went wrong while we were reading a packet!
Specified argument was out of the range of valid values.
Parameter name: size
==== 2010/06/01 08:11:21 ====
Something went wrong while we were reading a packet!
Specified argument was out of the range of valid values.
Parameter name: size
==== 2010/06/01 08:11:21 ====
Something went wrong while we were reading a packet!
Specified argument was out of the range of valid values.
Parameter name: size
==== 2010/06/01 08:11:21 ====
Something went wrong while we were reading a packet!
Specified argument was out of the range of valid values.
Parameter name: size
==== 2010/06/01 08:11:21 ====
Something went wrong while we were reading a packet!
Specified argument was out of the range of valid values.
Parameter name: size
==== 2010/06/01 08:11:21 ====
Something went wrong while we were reading a packet!
Specified argument was out of the range of valid values.
Parameter name: size
==== 2010/06/01 08:11:21 ====
Something went wrong while we were reading a packet!
Specified argument was out of the range of valid values.
Parameter name: size
==== 2010/06/01 08:11:21 ====
Something went wrong while we were reading a packet!
Specified argument was out of the range of valid values.
Parameter name: size
==== 2010/06/01 08:11:21 ====
Something went wrong while we were reading a packet!
Specified argument was out of the range of valid values.
Parameter name: size
==== 2010/06/01 08:11:21 ====
Something went wrong while we were reading a packet!
Specified argument was out of the range of valid values.
Parameter name: size
==== 2010/06/01 08:11:21 ====
Something went wrong while we were reading a packet!
Specified argument was out of the range of valid values.
Parameter name: size
==== 2010/06/01 08:11:21 ====
Something went wrong while we were reading a packet!
Specified argument was out of the range of valid values.
Parameter name: size
==== 2010/06/01 08:11:21 ====
Something went wrong while we were reading a packet!
Specified argument was out of the range of valid values.
Parameter name: size
==== 2010/06/01 08:11:21 ====
Something went wrong while we were reading a packet!
Specified argument was out of the range of valid values.
Parameter name: size
==== 2010/06/01 08:11:21 ====
Something went wrong while we were reading a packet!
Specified argument was out of the range of valid values.
Parameter name: size
==== 2010/06/01 08:11:21 ====
Something went wrong while we were reading a packet!
Specified argument was out of the range of valid values.
Parameter name: size
==== 2010/06/01 08:11:21 ====
Something went wrong while we were reading a packet!
Specified argument was out of the range of valid values.
Parameter name: size
==== 2010/06/01 08:11:21 ====
Something went wrong while we were reading a packet!
Specified argument was out of the range of valid values.
Parameter name: size
==== 2010/06/01 08:11:21 ====
Something went wrong while we were reading a packet!
Specified argument was out of the range of valid values.
Parameter name: size
==== 2010/06/01 08:11:21 ====
Something went wrong while we were reading a packet!
Specified argument was out of the range of valid values.
Parameter name: size
==== 2010/06/01 08:11:21 ====
Something went wrong while we were reading a packet!
Specified argument was out of the range of valid values.
Parameter name: size
==== 2010/06/01 08:11:21 ====
Something went wrong while we were reading a packet!
Specified argument was out of the range of valid values.
Parameter name: size
==== 2010/06/01 08:11:22 ====
Something went wrong while we were reading a packet!
Specified argument was out of the range of valid values.
Parameter name: size
==== 2010/06/01 08:11:22 ====
Something went wrong while we were reading a packet!
Specified argument was out of the range of valid values.
Parameter name: size
==== 2010/06/01 08:11:22 ====
Something went wrong while we were reading a packet!
Specified argument was out of the range of valid values.
Parameter name: size
==== 2010/06/01 08:11:22 ====
Something went wrong while we were reading a packet!
Specified argument was out of the range of valid values.
Parameter name: size
==== 2010/06/01 08:11:22 ====
Something went wrong while we were reading a packet!
Specified argument was out of the range of valid values.
Parameter name: size
==== 2010/06/01 08:11:22 ====
Something went wrong while we were reading a packet!
Specified argument was out of the range of valid values.
Parameter name: size
==== 2010/06/01 08:11:22 ====
Something went wrong while we were reading a packet!
Specified argument was out of the range of valid values.
Parameter name: size
==== 2010/06/01 08:11:22 ====
Something went wrong while we were reading a packet!
Specified argument was out of the range of valid values.
Parameter name: size
==== 2010/06/01 08:11:22 ====
Something went wrong while we were reading a packet!
Specified argument was out of the range of valid values.
Parameter name: size
==== 2010/06/01 08:11:22 ====
Something went wrong while we were reading a packet!
Specified argument was out of the range of valid values.
Parameter name: size
==== 2010/06/01 08:11:22 ====
Something went wrong while we were reading a packet!
Specified argument was out of the range of valid values.
Parameter name: size
==== 2010/06/01 08:11:22 ====
Something went wrong while we were reading a packet!
Specified argument was out of the range of valid values.
Parameter name: size
==== 2010/06/01 08:11:22 ====
Something went wrong while we were reading a packet!
Specified argument was out of the range of valid values.
Parameter name: size
==== 2010/06/01 08:11:22 ====
Something went wrong while we were reading a packet!
Specified argument was out of the range of valid values.
Parameter name: size
==== 2010/06/01 08:11:22 ====
Something went wrong while we were reading a packet!
Specified argument was out of the range of valid values.
Parameter name: size
==== 2010/06/01 08:11:22 ====
Something went wrong while we were reading a packet!
Specified argument was out of the range of valid values.
Parameter name: size
==== 2010/06/01 08:11:22 ====
Something went wrong while we were reading a packet!
Specified argument was out of the range of valid values.
Parameter name: size
==== 2010/06/01 08:11:22 ====
Something went wrong while we were reading a packet!
Specified argument was out of the range of valid values.
Parameter name: size
==== 2010/06/01 08:11:22 ====
Something went wrong while we were reading a packet!
Specified argument was out of the range of valid values.
Parameter name: size
