2010/05/01 19:36:44	Spacecraft is starting...
2010/05/01 19:36:44	Loading level.dat...
2010/05/01 19:36:46	Listening on port 13000
2010/05/01 19:36:46	Server name is Spacecraft Alpha
2010/05/01 19:36:46	Server MOTD is Haldo there!
2010/05/01 19:36:46	Salt is 468569
2010/05/01 19:36:46	To connect directly to this server, surf to: http://www.minecraft.net/play.jsp?server=d823cc4dd058100d7ef4e15be51d82f5
2010/05/01 19:36:46	(This is also in externalurl.txt)
2010/05/01 19:37:17	Blocky (127.0.0.1) has joined! pid = 0
2010/05/01 19:37:43	Spacecraft is starting...
2010/05/01 19:38:33	Spacecraft is starting...
2010/05/01 19:39:11	Spacecraft is starting...
2010/05/01 19:39:44	Spacecraft is starting...
2010/05/01 19:40:06	Spacecraft is starting...
2010/05/01 19:40:26	Spacecraft is starting...
2010/05/01 19:40:29	Loading level.dat...
2010/05/01 19:40:30	Listening on port 13000
2010/05/01 19:40:30	Server name is Spacecraft Alpha
2010/05/01 19:40:30	Server MOTD is Haldo there!
2010/05/01 19:40:31	Salt is 727634
2010/05/01 19:40:31	To connect directly to this server, surf to: http://www.minecraft.net/play.jsp?server=d823cc4dd058100d7ef4e15be51d82f5
2010/05/01 19:40:31	(This is also in externalurl.txt)
2010/05/01 19:40:47	Blocky (127.0.0.1) has joined! pid = 0
